<?xml version="1.0" encoding="UTF-8"?>
<!-- Generated by org.testng.reporters.JUnitReportReporter -->
<testsuite hostname="KiranPC" failures="0" tests="1" name="com.itlearn.testcases.LoginTest" time="1.613" errors="0" timestamp="2024-03-13T14:27:24 EDT" skipped="0">
  <testcase classname="com.itlearn.testcases.LoginTest" name="verify" time="1.613"/>
</testsuite> <!-- com.itlearn.testcases.LoginTest -->
